<?xml version="1.0" encoding="UTF-8"?>
<testng-results ignored="0" total="0" passed="0" failed="0" skipped="0">
  <reporter-output>
  </reporter-output>
  <suite started-at="2024-08-21T14:24:01 YEKT" name="Surefire suite" finished-at="2024-08-21T14:24:01 YEKT" duration-ms="16">
    <groups>
    </groups>
    <test started-at="2024-08-21T14:24:01 YEKT" name="Surefire test" finished-at="2024-08-21T14:24:01 YEKT" duration-ms="16">
    </test> <!-- Surefire test -->
  </suite> <!-- Surefire suite -->
</testng-results>
